<?xml version="1.0" encoding="UTF-8"?>
<!-- Generated by org.testng.reporters.JUnitReportReporter -->
<testsuite name="com.bjsxt.test.Test01" tests="2" time="0.007" ignored="0" failures="0" timestamp="24 八月 2020 02:20:03 GMT" skipped="0" hostname="BF400255" errors="0">
  <testcase name="test01" time="0.005" classname="com.bjsxt.test.Test01"/>
  <testcase name="test02" time="0.002" classname="com.bjsxt.test.Test01"/>
</testsuite> <!-- com.bjsxt.test.Test01 -->
